<?xml version="1.0" encoding="UTF-8"?>
<!-- Generated by org.testng.reporters.JUnitReportReporter -->
<testsuite skipped="0" hostname="DESKTOP-AMK4OC3" name="abc.RestAssuredTest" tests="2" failures="0" timestamp="2020-12-25T13:40:37 EST" time="0.002" errors="0">
  <testcase name="ra1" time="0.001" classname="abc.RestAssuredTest"/>
  <system-out/>
  <testcase name="ra2" time="0.001" classname="abc.RestAssuredTest"/>
  <system-out/>
</testsuite> <!-- abc.RestAssuredTest -->
