<?xml version="1.0" encoding="UTF-8"?>
<!-- Generated by org.testng.reporters.JUnitReportReporter -->
<testsuite skipped="0" hostname="DESKTOP-AMK4OC3" name="abc.SeleniumTest" tests="2" failures="0" timestamp="2020-12-25T13:40:37 EST" time="0.009" errors="0">
  <testcase name="se1" time="0.008" classname="abc.SeleniumTest"/>
  <system-out/>
  <testcase name="se2" time="0.001" classname="abc.SeleniumTest"/>
  <system-out/>
</testsuite> <!-- abc.SeleniumTest -->
