<?xml version="1.0" encoding="UTF-8"?>
<!-- Generated by org.testng.reporters.JUnitReportReporter -->
<testsuite skipped="0" hostname="DESKTOP-AMK4OC3" name="abc.SeleniumTest" tests="2" failures="0" timestamp="24 Dec 2020 19:40:47 GMT" time="0.010" errors="0">
  <testcase name="se1" time="0.009" classname="abc.SeleniumTest"/>
  <testcase name="se2" time="0.001" classname="abc.SeleniumTest"/>
</testsuite> <!-- abc.SeleniumTest -->
