<?xml version="1.0" encoding="UTF-8"?>
<!-- Generated by org.testng.reporters.JUnitReportReporter -->
<testsuite skipped="0" hostname="DESKTOP-AMK4OC3" name="abc.AppiumTest" tests="2" failures="0" timestamp="24 Dec 2020 19:40:47 GMT" time="0.001" errors="0">
  <testcase name="ra2" time="0.000" classname="abc.AppiumTest"/>
  <testcase name="ra1" time="0.001" classname="abc.AppiumTest"/>
</testsuite> <!-- abc.AppiumTest -->
